digraph vine {
        graph [ordering="out"];
        ratio = fill;
        node [style="filled"];
        "0x7ffff7fbe360" [label="e360:aaaaaaaaaaaaaaaaaaaa",color="crimson"];
        "0x7ffff7fbe360" -> "0x7ffff7fbe270" [label="13"];
        "0x7ffff7fbe270" [label="e270:aaaaaaaaaa:0",color="cornflowerblue"];
        "0x7ffff7fbe270" -> "0x7ffff7fbe090" [label="3"];
        "0x7ffff7fbe090" [label="0:e090:hel:0",color="cornflowerblue"];
        "0x7ffff7fbe090" -> "0x7ffff7fbe270" [style="dotted"];
        "0x7ffff7fbe270" -> "0x7ffff7fbe360" [style="dotted"];
        "0x7ffff7fbe360" -> "0x7ffff7fbe330" [label="198"];
        "0x7ffff7fbe330" [label="0:e330:aaaaaaaaaaaaaaaaaaaa",color="crimson"];
        "0x7ffff7fbe330" -> "0x7ffff7fbe300" [label="178"];
        "0x7ffff7fbe300" [label="0:e300:aaaaaaaaaaaaaaaaaaaa",color="crimson"];
        "0x7ffff7fbe300" -> "0x7ffff7fbe2d0" [label="158"];
        "0x7ffff7fbe2d0" [label="0:e2d0:aaaaaaaaaaaaaaaaaaaa",color="crimson"];
        "0x7ffff7fbe2d0" -> "0x7ffff7fbe240" [label="138"];
        "0x7ffff7fbe240" [label="0:e240:aaaaaaaaaaaaaaaaaaaa",color="crimson"];
        "0x7ffff7fbe240" -> "0x7ffff7fbe2a0" [label="118"];
        "0x7ffff7fbe2a0" [label="0:e2a0:aaa",color="cornflowerblue"];
        "0x7ffff7fbe2a0" -> "0x7ffff7fbe210" [label="115"];
        "0x7ffff7fbe210" [label="0:e210:aaaaaaaaaaaaaaaaaa",color="crimson"];
        "0x7ffff7fbe210" -> "0x7ffff7fbe1e0" [label="97"];
        "0x7ffff7fbe1e0" [label="0:e1e0:aaaaaaaaaaaaaaaaaa",color="crimson"];
        "0x7ffff7fbe1e0" -> "0x7ffff7fbe1b0" [label="79"];
        "0x7ffff7fbe1b0" [label="0:e1b0:aaaaaaaaaaaaaaaaaa",color="crimson"];
        "0x7ffff7fbe1b0" -> "0x7ffff7fbe180" [label="61"];
        "0x7ffff7fbe180" [label="0:e180:aaaaaaaaaaaaaaaaaa",color="crimson"];
        "0x7ffff7fbe180" -> "0x7ffff7fbe0f0" [label="43"];
        "0x7ffff7fbe0f0" [label="0:e0f0:aaaaaaaaaaaaaaaaaa",color="crimson"];
        "0x7ffff7fbe0f0" -> "0x7ffff7fbe150" [label="25"];
        "0x7ffff7fbe150" [label="0:e150:aaaaaaaaaaaaaaa",color="cornflowerblue"];
        "0x7ffff7fbe150" -> "0x7ffff7fbe0c0" [label="10"];
        "0x7ffff7fbe0c0" [label="0:e0c0:lo, world!:0",color="cornflowerblue"];
        "0x7ffff7fbe0c0" -> "0x7ffff7fbe150" [style="dotted"];
        "0x7ffff7fbe150" -> "0x7ffff7fbe0f0" [style="dotted"];
        "0x7ffff7fbe0f0" -> "0x7ffff7fbe180" [style="dotted"];
        "0x7ffff7fbe180" -> "0x7ffff7fbe1b0" [style="dotted"];
        "0x7ffff7fbe1b0" -> "0x7ffff7fbe1e0" [style="dotted"];
        "0x7ffff7fbe1e0" -> "0x7ffff7fbe210" [style="dotted"];
        "0x7ffff7fbe210" -> "0x7ffff7fbe2a0" [style="dotted"];
        "0x7ffff7fbe2a0" -> "0x7ffff7fbe240" [style="dotted"];
        "0x7ffff7fbe240" -> "0x7ffff7fbe2d0" [style="dotted"];
        "0x7ffff7fbe2d0" -> "0x7ffff7fbe300" [style="dotted"];
        "0x7ffff7fbe300" -> "0x7ffff7fbe330" [style="dotted"];
        "0x7ffff7fbe330" -> "0x7ffff7fbe360" [style="dotted"];
}
